Change Component Designator: OldDesignator=D? NewDesignator=D1
Change Component Designator: OldDesignator=D? NewDesignator=D2
Change Component Designator: OldDesignator=D? NewDesignator=D3
Change Component Designator: OldDesignator=R? NewDesignator=R1
Change Component Designator: OldDesignator=R? NewDesignator=R2
Change Component Designator: OldDesignator=R? NewDesignator=R3
Change Component Designator: OldDesignator=U NewDesignator=U1
Change Net Name : Old Net Name=NetD?_A New Net Name=NetD1_A
Change Net Name : Old Net Name=NetR?_1 New Net Name=NetR3_1
Added Pin To Net: NetName=NetD2_A Pin=D2-A
Added Pin To Net: NetName=NetD2_A Pin=R2-2
Added Net: Name=NetD2_A
Added Pin To Net: NetName=NetD3_A Pin=D3-A
Added Pin To Net: NetName=NetD3_A Pin=R3-2
Added Net: Name=NetD3_A
Added Pin To Net: NetName=NetR1_1 Pin=R1-1
Added Pin To Net: NetName=NetR1_1 Pin=U1-12
Added Net: Name=NetR1_1
Added Pin To Net: NetName=NetR2_1 Pin=R2-1
Added Pin To Net: NetName=NetR2_1 Pin=U1-13
Added Net: Name=NetR2_1
Added Member To Class: ClassName=Sheet1 Member=Component D2 D0805
Added Member To Class: ClassName=Sheet1 Member=Component D3 D1206
Added Member To Class: ClassName=Sheet1 Member=Component R2 R0805
Added Member To Class: ClassName=Sheet1 Member=Component R3 R1206
